ARM GAS  C:\Users\DENNIS~1\AppData\Local\Temp\cc6Tswof.s 			page 1


   1              		.syntax unified
   2              		.cpu cortex-m0
   3              		.fpu softvfp
   4              		.eabi_attribute 20, 1
   5              		.eabi_attribute 21, 1
   6              		.eabi_attribute 23, 3
   7              		.eabi_attribute 24, 1
   8              		.eabi_attribute 25, 1
   9              		.eabi_attribute 26, 1
  10              		.eabi_attribute 30, 1
  11              		.eabi_attribute 34, 0
  12              		.eabi_attribute 18, 4
  13              		.thumb
  14              		.syntax unified
  15              		.file	"main.c"
  16              		.text
  17              	.Ltext0:
  18              		.cfi_sections	.debug_frame
  19              		.section	.text.main,"ax",%progbits
  20              		.align	2
  21              		.global	main
  22              		.code	16
  23              		.thumb_func
  24              		.type	main, %function
  25              	main:
  26              	.LFB33:
  27              		.file 1 "main.c"
   1:main.c        **** /* ========================================
   2:main.c        ****  *
   3:main.c        ****  * Copyright YOUR COMPANY, THE YEAR
   4:main.c        ****  * All Rights Reserved
   5:main.c        ****  * UNPUBLISHED, LICENSED SOFTWARE.
   6:main.c        ****  *
   7:main.c        ****  * CONFIDENTIAL AND PROPRIETARY INFORMATION
   8:main.c        ****  * WHICH IS THE PROPERTY OF your company.
   9:main.c        ****  *
  10:main.c        ****  * ========================================
  11:main.c        **** */
  12:main.c        **** #include "project.h"
  13:main.c        **** #include "stdio.h"
  14:main.c        **** #include "stdint.h"
  15:main.c        **** #include "inttypes.h"
  16:main.c        **** #include "GameCubeController.h"
  17:main.c        **** uint64 readController(uint8 controller, uint8 rumble);
  18:main.c        **** 
  19:main.c        **** int main(void)
  20:main.c        **** {
  28              		.loc 1 20 0
  29              		.cfi_startproc
  30              		@ args = 0, pretend = 0, frame = 16
  31              		@ frame_needed = 0, uses_anonymous_args = 0
  32 0000 00B5     		push	{lr}
  33              		.cfi_def_cfa_offset 4
  34              		.cfi_offset 14, -4
  35 0002 87B0     		sub	sp, sp, #28
  36              		.cfi_def_cfa_offset 32
  21:main.c        ****     CyGlobalIntEnable; /* Enable global interrupts. */
ARM GAS  C:\Users\DENNIS~1\AppData\Local\Temp\cc6Tswof.s 			page 2


  37              		.loc 1 21 0
  38              		.syntax divided
  39              	@ 21 "main.c" 1
  40 0004 62B6     		CPSIE   i
  41              	@ 0 "" 2
  22:main.c        ****     
  23:main.c        ****     char recvChar;
  24:main.c        ****     char resultString[15];
  25:main.c        ****     uint64_t controllerData;
  26:main.c        ****     UART_Start();
  42              		.loc 1 26 0
  43              		.thumb
  44              		.syntax unified
  45 0006 FFF7FEFF 		bl	UART_Start
  46              	.LVL0:
  47              	.L2:
  27:main.c        ****     for(;;)
  28:main.c        ****     {
  29:main.c        ****         
  30:main.c        ****         recvChar = UART_UartGetChar();
  48              		.loc 1 30 0
  49 000a FFF7FEFF 		bl	UART_UartGetChar
  50              	.LVL1:
  51 000e C0B2     		uxtb	r0, r0
  52              	.LVL2:
  31:main.c        ****         if(recvChar == 'a') 
  53              		.loc 1 31 0
  54 0010 6128     		cmp	r0, #97
  55 0012 FAD1     		bne	.L2
  32:main.c        ****         {
  33:main.c        ****             controllerData = readController(1,0);
  56              		.loc 1 33 0
  57 0014 0021     		movs	r1, #0
  58 0016 6038     		subs	r0, r0, #96
  59              	.LVL3:
  60 0018 FFF7FEFF 		bl	readController
  61              	.LVL4:
  34:main.c        ****             snprintf(resultString, sizeof(resultString), "%"PRIu64, controllerData);
  62              		.loc 1 34 0
  63 001c 0090     		str	r0, [sp]
  64 001e 0191     		str	r1, [sp, #4]
  65 0020 054A     		ldr	r2, .L4
  66 0022 0F21     		movs	r1, #15
  67 0024 02A8     		add	r0, sp, #8
  68              	.LVL5:
  69 0026 FFF7FEFF 		bl	snprintf
  70              	.LVL6:
  35:main.c        ****             UART_UartPutString(resultString);
  71              		.loc 1 35 0
  72 002a 02A8     		add	r0, sp, #8
  73 002c FFF7FEFF 		bl	UART_UartPutString
  74              	.LVL7:
  36:main.c        ****             UART_UartPutString("\r\n");
  75              		.loc 1 36 0
  76 0030 0248     		ldr	r0, .L4+4
  77 0032 FFF7FEFF 		bl	UART_UartPutString
  78              	.LVL8:
ARM GAS  C:\Users\DENNIS~1\AppData\Local\Temp\cc6Tswof.s 			page 3


  79 0036 E8E7     		b	.L2
  80              	.L5:
  81              		.align	2
  82              	.L4:
  83 0038 00000000 		.word	.LC0
  84 003c 08000000 		.word	.LC2
  85              		.cfi_endproc
  86              	.LFE33:
  87              		.size	main, .-main
  88              		.section	.rodata.str1.4,"aMS",%progbits,1
  89              		.align	2
  90              	.LC0:
  91 0000 256C6C75 		.ascii	"%llu\000"
  91      00
  92 0005 000000   		.space	3
  93              	.LC2:
  94 0008 0D0A00   		.ascii	"\015\012\000"
  95              		.text
  96              	.Letext0:
  97              		.file 2 "c:\\program files (x86)\\cypress\\psoc creator\\4.3\\psoc creator\\import\\gnu\\arm\\5.4.
  98              		.file 3 "c:\\program files (x86)\\cypress\\psoc creator\\4.3\\psoc creator\\import\\gnu\\arm\\5.4.
  99              		.file 4 "Generated_Source\\PSoC4/UART.h"
 100              		.file 5 "Generated_Source\\PSoC4/UART_SPI_UART.h"
 101              		.file 6 "c:\\program files (x86)\\cypress\\psoc creator\\4.3\\psoc creator\\import\\gnu\\arm\\5.4.
 102              		.section	.debug_info,"",%progbits
 103              	.Ldebug_info0:
 104 0000 9E010000 		.4byte	0x19e
 105 0004 0400     		.2byte	0x4
 106 0006 00000000 		.4byte	.Ldebug_abbrev0
 107 000a 04       		.byte	0x4
 108 000b 01       		.uleb128 0x1
 109 000c C8000000 		.4byte	.LASF24
 110 0010 0C       		.byte	0xc
 111 0011 28000000 		.4byte	.LASF25
 112 0015 81010000 		.4byte	.LASF26
 113 0019 00000000 		.4byte	.Ldebug_ranges0+0
 114 001d 00000000 		.4byte	0
 115 0021 00000000 		.4byte	.Ldebug_line0
 116 0025 02       		.uleb128 0x2
 117 0026 01       		.byte	0x1
 118 0027 06       		.byte	0x6
 119 0028 69010000 		.4byte	.LASF0
 120 002c 02       		.uleb128 0x2
 121 002d 01       		.byte	0x1
 122 002e 08       		.byte	0x8
 123 002f 92000000 		.4byte	.LASF1
 124 0033 02       		.uleb128 0x2
 125 0034 02       		.byte	0x2
 126 0035 05       		.byte	0x5
 127 0036 B7000000 		.4byte	.LASF2
 128 003a 02       		.uleb128 0x2
 129 003b 02       		.byte	0x2
 130 003c 07       		.byte	0x7
 131 003d 56010000 		.4byte	.LASF3
 132 0041 02       		.uleb128 0x2
 133 0042 04       		.byte	0x4
 134 0043 05       		.byte	0x5
ARM GAS  C:\Users\DENNIS~1\AppData\Local\Temp\cc6Tswof.s 			page 4


 135 0044 A5000000 		.4byte	.LASF4
 136 0048 02       		.uleb128 0x2
 137 0049 04       		.byte	0x4
 138 004a 07       		.byte	0x7
 139 004b 43000000 		.4byte	.LASF5
 140 004f 02       		.uleb128 0x2
 141 0050 08       		.byte	0x8
 142 0051 05       		.byte	0x5
 143 0052 00000000 		.4byte	.LASF6
 144 0056 03       		.uleb128 0x3
 145 0057 F8010000 		.4byte	.LASF9
 146 005b 02       		.byte	0x2
 147 005c 5B       		.byte	0x5b
 148 005d 61000000 		.4byte	0x61
 149 0061 02       		.uleb128 0x2
 150 0062 08       		.byte	0x8
 151 0063 07       		.byte	0x7
 152 0064 55000000 		.4byte	.LASF7
 153 0068 04       		.uleb128 0x4
 154 0069 04       		.byte	0x4
 155 006a 05       		.byte	0x5
 156 006b 696E7400 		.ascii	"int\000"
 157 006f 02       		.uleb128 0x2
 158 0070 04       		.byte	0x4
 159 0071 07       		.byte	0x7
 160 0072 1B000000 		.4byte	.LASF8
 161 0076 03       		.uleb128 0x3
 162 0077 75000000 		.4byte	.LASF10
 163 007b 03       		.byte	0x3
 164 007c 3C       		.byte	0x3c
 165 007d 56000000 		.4byte	0x56
 166 0081 02       		.uleb128 0x2
 167 0082 04       		.byte	0x4
 168 0083 04       		.byte	0x4
 169 0084 CE010000 		.4byte	.LASF11
 170 0088 02       		.uleb128 0x2
 171 0089 08       		.byte	0x8
 172 008a 04       		.byte	0x4
 173 008b C1000000 		.4byte	.LASF12
 174 008f 02       		.uleb128 0x2
 175 0090 01       		.byte	0x1
 176 0091 08       		.byte	0x8
 177 0092 A0000000 		.4byte	.LASF13
 178 0096 02       		.uleb128 0x2
 179 0097 08       		.byte	0x8
 180 0098 04       		.byte	0x4
 181 0099 75010000 		.4byte	.LASF14
 182 009d 02       		.uleb128 0x2
 183 009e 04       		.byte	0x4
 184 009f 07       		.byte	0x7
 185 00a0 AE000000 		.4byte	.LASF15
 186 00a4 05       		.uleb128 0x5
 187 00a5 2F000000 		.4byte	.LASF27
 188 00a9 01       		.byte	0x1
 189 00aa 13       		.byte	0x13
 190 00ab 68000000 		.4byte	0x68
 191 00af 00000000 		.4byte	.LFB33
ARM GAS  C:\Users\DENNIS~1\AppData\Local\Temp\cc6Tswof.s 			page 5


 192 00b3 40000000 		.4byte	.LFE33-.LFB33
 193 00b7 01       		.uleb128 0x1
 194 00b8 9C       		.byte	0x9c
 195 00b9 58010000 		.4byte	0x158
 196 00bd 06       		.uleb128 0x6
 197 00be 7E000000 		.4byte	.LASF16
 198 00c2 01       		.byte	0x1
 199 00c3 17       		.byte	0x17
 200 00c4 8F000000 		.4byte	0x8f
 201 00c8 00000000 		.4byte	.LLST0
 202 00cc 07       		.uleb128 0x7
 203 00cd 0E000000 		.4byte	.LASF17
 204 00d1 01       		.byte	0x1
 205 00d2 18       		.byte	0x18
 206 00d3 58010000 		.4byte	0x158
 207 00d7 02       		.uleb128 0x2
 208 00d8 91       		.byte	0x91
 209 00d9 68       		.sleb128 -24
 210 00da 06       		.uleb128 0x6
 211 00db 03020000 		.4byte	.LASF18
 212 00df 01       		.byte	0x1
 213 00e0 19       		.byte	0x19
 214 00e1 76000000 		.4byte	0x76
 215 00e5 21000000 		.4byte	.LLST1
 216 00e9 08       		.uleb128 0x8
 217 00ea 0A000000 		.4byte	.LVL0
 218 00ee 68010000 		.4byte	0x168
 219 00f2 08       		.uleb128 0x8
 220 00f3 0E000000 		.4byte	.LVL1
 221 00f7 73010000 		.4byte	0x173
 222 00fb 09       		.uleb128 0x9
 223 00fc 1C000000 		.4byte	.LVL4
 224 0100 7F010000 		.4byte	0x17f
 225 0104 0E010000 		.4byte	0x10e
 226 0108 0A       		.uleb128 0xa
 227 0109 01       		.uleb128 0x1
 228 010a 51       		.byte	0x51
 229 010b 01       		.uleb128 0x1
 230 010c 30       		.byte	0x30
 231 010d 00       		.byte	0
 232 010e 09       		.uleb128 0x9
 233 010f 2A000000 		.4byte	.LVL6
 234 0113 8A010000 		.4byte	0x18a
 235 0117 30010000 		.4byte	0x130
 236 011b 0A       		.uleb128 0xa
 237 011c 01       		.uleb128 0x1
 238 011d 50       		.byte	0x50
 239 011e 02       		.uleb128 0x2
 240 011f 91       		.byte	0x91
 241 0120 68       		.sleb128 -24
 242 0121 0A       		.uleb128 0xa
 243 0122 01       		.uleb128 0x1
 244 0123 51       		.byte	0x51
 245 0124 01       		.uleb128 0x1
 246 0125 3F       		.byte	0x3f
 247 0126 0A       		.uleb128 0xa
 248 0127 01       		.uleb128 0x1
ARM GAS  C:\Users\DENNIS~1\AppData\Local\Temp\cc6Tswof.s 			page 6


 249 0128 52       		.byte	0x52
 250 0129 05       		.uleb128 0x5
 251 012a 03       		.byte	0x3
 252 012b 00000000 		.4byte	.LC0
 253 012f 00       		.byte	0
 254 0130 09       		.uleb128 0x9
 255 0131 30000000 		.4byte	.LVL7
 256 0135 95010000 		.4byte	0x195
 257 0139 44010000 		.4byte	0x144
 258 013d 0A       		.uleb128 0xa
 259 013e 01       		.uleb128 0x1
 260 013f 50       		.byte	0x50
 261 0140 02       		.uleb128 0x2
 262 0141 91       		.byte	0x91
 263 0142 68       		.sleb128 -24
 264 0143 00       		.byte	0
 265 0144 0B       		.uleb128 0xb
 266 0145 36000000 		.4byte	.LVL8
 267 0149 95010000 		.4byte	0x195
 268 014d 0A       		.uleb128 0xa
 269 014e 01       		.uleb128 0x1
 270 014f 50       		.byte	0x50
 271 0150 05       		.uleb128 0x5
 272 0151 03       		.byte	0x3
 273 0152 08000000 		.4byte	.LC2
 274 0156 00       		.byte	0
 275 0157 00       		.byte	0
 276 0158 0C       		.uleb128 0xc
 277 0159 8F000000 		.4byte	0x8f
 278 015d 68010000 		.4byte	0x168
 279 0161 0D       		.uleb128 0xd
 280 0162 9D000000 		.4byte	0x9d
 281 0166 0E       		.byte	0xe
 282 0167 00       		.byte	0
 283 0168 0E       		.uleb128 0xe
 284 0169 87000000 		.4byte	.LASF19
 285 016d 87000000 		.4byte	.LASF19
 286 0171 04       		.byte	0x4
 287 0172 72       		.byte	0x72
 288 0173 0F       		.uleb128 0xf
 289 0174 D4010000 		.4byte	.LASF20
 290 0178 D4010000 		.4byte	.LASF20
 291 017c 05       		.byte	0x5
 292 017d 0F03     		.2byte	0x30f
 293 017f 0E       		.uleb128 0xe
 294 0180 34000000 		.4byte	.LASF21
 295 0184 34000000 		.4byte	.LASF21
 296 0188 01       		.byte	0x1
 297 0189 11       		.byte	0x11
 298 018a 0E       		.uleb128 0xe
 299 018b 6C000000 		.4byte	.LASF22
 300 018f 6C000000 		.4byte	.LASF22
 301 0193 06       		.byte	0x6
 302 0194 FD       		.byte	0xfd
 303 0195 0F       		.uleb128 0xf
 304 0196 E5010000 		.4byte	.LASF23
 305 019a E5010000 		.4byte	.LASF23
ARM GAS  C:\Users\DENNIS~1\AppData\Local\Temp\cc6Tswof.s 			page 7


 306 019e 05       		.byte	0x5
 307 019f 2A03     		.2byte	0x32a
 308 01a1 00       		.byte	0
 309              		.section	.debug_abbrev,"",%progbits
 310              	.Ldebug_abbrev0:
 311 0000 01       		.uleb128 0x1
 312 0001 11       		.uleb128 0x11
 313 0002 01       		.byte	0x1
 314 0003 25       		.uleb128 0x25
 315 0004 0E       		.uleb128 0xe
 316 0005 13       		.uleb128 0x13
 317 0006 0B       		.uleb128 0xb
 318 0007 03       		.uleb128 0x3
 319 0008 0E       		.uleb128 0xe
 320 0009 1B       		.uleb128 0x1b
 321 000a 0E       		.uleb128 0xe
 322 000b 55       		.uleb128 0x55
 323 000c 17       		.uleb128 0x17
 324 000d 11       		.uleb128 0x11
 325 000e 01       		.uleb128 0x1
 326 000f 10       		.uleb128 0x10
 327 0010 17       		.uleb128 0x17
 328 0011 00       		.byte	0
 329 0012 00       		.byte	0
 330 0013 02       		.uleb128 0x2
 331 0014 24       		.uleb128 0x24
 332 0015 00       		.byte	0
 333 0016 0B       		.uleb128 0xb
 334 0017 0B       		.uleb128 0xb
 335 0018 3E       		.uleb128 0x3e
 336 0019 0B       		.uleb128 0xb
 337 001a 03       		.uleb128 0x3
 338 001b 0E       		.uleb128 0xe
 339 001c 00       		.byte	0
 340 001d 00       		.byte	0
 341 001e 03       		.uleb128 0x3
 342 001f 16       		.uleb128 0x16
 343 0020 00       		.byte	0
 344 0021 03       		.uleb128 0x3
 345 0022 0E       		.uleb128 0xe
 346 0023 3A       		.uleb128 0x3a
 347 0024 0B       		.uleb128 0xb
 348 0025 3B       		.uleb128 0x3b
 349 0026 0B       		.uleb128 0xb
 350 0027 49       		.uleb128 0x49
 351 0028 13       		.uleb128 0x13
 352 0029 00       		.byte	0
 353 002a 00       		.byte	0
 354 002b 04       		.uleb128 0x4
 355 002c 24       		.uleb128 0x24
 356 002d 00       		.byte	0
 357 002e 0B       		.uleb128 0xb
 358 002f 0B       		.uleb128 0xb
 359 0030 3E       		.uleb128 0x3e
 360 0031 0B       		.uleb128 0xb
 361 0032 03       		.uleb128 0x3
 362 0033 08       		.uleb128 0x8
ARM GAS  C:\Users\DENNIS~1\AppData\Local\Temp\cc6Tswof.s 			page 8


 363 0034 00       		.byte	0
 364 0035 00       		.byte	0
 365 0036 05       		.uleb128 0x5
 366 0037 2E       		.uleb128 0x2e
 367 0038 01       		.byte	0x1
 368 0039 3F       		.uleb128 0x3f
 369 003a 19       		.uleb128 0x19
 370 003b 03       		.uleb128 0x3
 371 003c 0E       		.uleb128 0xe
 372 003d 3A       		.uleb128 0x3a
 373 003e 0B       		.uleb128 0xb
 374 003f 3B       		.uleb128 0x3b
 375 0040 0B       		.uleb128 0xb
 376 0041 27       		.uleb128 0x27
 377 0042 19       		.uleb128 0x19
 378 0043 49       		.uleb128 0x49
 379 0044 13       		.uleb128 0x13
 380 0045 8701     		.uleb128 0x87
 381 0047 19       		.uleb128 0x19
 382 0048 11       		.uleb128 0x11
 383 0049 01       		.uleb128 0x1
 384 004a 12       		.uleb128 0x12
 385 004b 06       		.uleb128 0x6
 386 004c 40       		.uleb128 0x40
 387 004d 18       		.uleb128 0x18
 388 004e 9742     		.uleb128 0x2117
 389 0050 19       		.uleb128 0x19
 390 0051 01       		.uleb128 0x1
 391 0052 13       		.uleb128 0x13
 392 0053 00       		.byte	0
 393 0054 00       		.byte	0
 394 0055 06       		.uleb128 0x6
 395 0056 34       		.uleb128 0x34
 396 0057 00       		.byte	0
 397 0058 03       		.uleb128 0x3
 398 0059 0E       		.uleb128 0xe
 399 005a 3A       		.uleb128 0x3a
 400 005b 0B       		.uleb128 0xb
 401 005c 3B       		.uleb128 0x3b
 402 005d 0B       		.uleb128 0xb
 403 005e 49       		.uleb128 0x49
 404 005f 13       		.uleb128 0x13
 405 0060 02       		.uleb128 0x2
 406 0061 17       		.uleb128 0x17
 407 0062 00       		.byte	0
 408 0063 00       		.byte	0
 409 0064 07       		.uleb128 0x7
 410 0065 34       		.uleb128 0x34
 411 0066 00       		.byte	0
 412 0067 03       		.uleb128 0x3
 413 0068 0E       		.uleb128 0xe
 414 0069 3A       		.uleb128 0x3a
 415 006a 0B       		.uleb128 0xb
 416 006b 3B       		.uleb128 0x3b
 417 006c 0B       		.uleb128 0xb
 418 006d 49       		.uleb128 0x49
 419 006e 13       		.uleb128 0x13
ARM GAS  C:\Users\DENNIS~1\AppData\Local\Temp\cc6Tswof.s 			page 9


 420 006f 02       		.uleb128 0x2
 421 0070 18       		.uleb128 0x18
 422 0071 00       		.byte	0
 423 0072 00       		.byte	0
 424 0073 08       		.uleb128 0x8
 425 0074 898201   		.uleb128 0x4109
 426 0077 00       		.byte	0
 427 0078 11       		.uleb128 0x11
 428 0079 01       		.uleb128 0x1
 429 007a 31       		.uleb128 0x31
 430 007b 13       		.uleb128 0x13
 431 007c 00       		.byte	0
 432 007d 00       		.byte	0
 433 007e 09       		.uleb128 0x9
 434 007f 898201   		.uleb128 0x4109
 435 0082 01       		.byte	0x1
 436 0083 11       		.uleb128 0x11
 437 0084 01       		.uleb128 0x1
 438 0085 31       		.uleb128 0x31
 439 0086 13       		.uleb128 0x13
 440 0087 01       		.uleb128 0x1
 441 0088 13       		.uleb128 0x13
 442 0089 00       		.byte	0
 443 008a 00       		.byte	0
 444 008b 0A       		.uleb128 0xa
 445 008c 8A8201   		.uleb128 0x410a
 446 008f 00       		.byte	0
 447 0090 02       		.uleb128 0x2
 448 0091 18       		.uleb128 0x18
 449 0092 9142     		.uleb128 0x2111
 450 0094 18       		.uleb128 0x18
 451 0095 00       		.byte	0
 452 0096 00       		.byte	0
 453 0097 0B       		.uleb128 0xb
 454 0098 898201   		.uleb128 0x4109
 455 009b 01       		.byte	0x1
 456 009c 11       		.uleb128 0x11
 457 009d 01       		.uleb128 0x1
 458 009e 31       		.uleb128 0x31
 459 009f 13       		.uleb128 0x13
 460 00a0 00       		.byte	0
 461 00a1 00       		.byte	0
 462 00a2 0C       		.uleb128 0xc
 463 00a3 01       		.uleb128 0x1
 464 00a4 01       		.byte	0x1
 465 00a5 49       		.uleb128 0x49
 466 00a6 13       		.uleb128 0x13
 467 00a7 01       		.uleb128 0x1
 468 00a8 13       		.uleb128 0x13
 469 00a9 00       		.byte	0
 470 00aa 00       		.byte	0
 471 00ab 0D       		.uleb128 0xd
 472 00ac 21       		.uleb128 0x21
 473 00ad 00       		.byte	0
 474 00ae 49       		.uleb128 0x49
 475 00af 13       		.uleb128 0x13
 476 00b0 2F       		.uleb128 0x2f
ARM GAS  C:\Users\DENNIS~1\AppData\Local\Temp\cc6Tswof.s 			page 10


 477 00b1 0B       		.uleb128 0xb
 478 00b2 00       		.byte	0
 479 00b3 00       		.byte	0
 480 00b4 0E       		.uleb128 0xe
 481 00b5 2E       		.uleb128 0x2e
 482 00b6 00       		.byte	0
 483 00b7 3F       		.uleb128 0x3f
 484 00b8 19       		.uleb128 0x19
 485 00b9 3C       		.uleb128 0x3c
 486 00ba 19       		.uleb128 0x19
 487 00bb 6E       		.uleb128 0x6e
 488 00bc 0E       		.uleb128 0xe
 489 00bd 03       		.uleb128 0x3
 490 00be 0E       		.uleb128 0xe
 491 00bf 3A       		.uleb128 0x3a
 492 00c0 0B       		.uleb128 0xb
 493 00c1 3B       		.uleb128 0x3b
 494 00c2 0B       		.uleb128 0xb
 495 00c3 00       		.byte	0
 496 00c4 00       		.byte	0
 497 00c5 0F       		.uleb128 0xf
 498 00c6 2E       		.uleb128 0x2e
 499 00c7 00       		.byte	0
 500 00c8 3F       		.uleb128 0x3f
 501 00c9 19       		.uleb128 0x19
 502 00ca 3C       		.uleb128 0x3c
 503 00cb 19       		.uleb128 0x19
 504 00cc 6E       		.uleb128 0x6e
 505 00cd 0E       		.uleb128 0xe
 506 00ce 03       		.uleb128 0x3
 507 00cf 0E       		.uleb128 0xe
 508 00d0 3A       		.uleb128 0x3a
 509 00d1 0B       		.uleb128 0xb
 510 00d2 3B       		.uleb128 0x3b
 511 00d3 05       		.uleb128 0x5
 512 00d4 00       		.byte	0
 513 00d5 00       		.byte	0
 514 00d6 00       		.byte	0
 515              		.section	.debug_loc,"",%progbits
 516              	.Ldebug_loc0:
 517              	.LLST0:
 518 0000 10000000 		.4byte	.LVL2
 519 0004 18000000 		.4byte	.LVL3
 520 0008 0100     		.2byte	0x1
 521 000a 50       		.byte	0x50
 522 000b 18000000 		.4byte	.LVL3
 523 000f 1B000000 		.4byte	.LVL4-1
 524 0013 0400     		.2byte	0x4
 525 0015 70       		.byte	0x70
 526 0016 E000     		.sleb128 96
 527 0018 9F       		.byte	0x9f
 528 0019 00000000 		.4byte	0
 529 001d 00000000 		.4byte	0
 530              	.LLST1:
 531 0021 1C000000 		.4byte	.LVL4
 532 0025 26000000 		.4byte	.LVL5
 533 0029 0600     		.2byte	0x6
ARM GAS  C:\Users\DENNIS~1\AppData\Local\Temp\cc6Tswof.s 			page 11


 534 002b 50       		.byte	0x50
 535 002c 93       		.byte	0x93
 536 002d 04       		.uleb128 0x4
 537 002e 51       		.byte	0x51
 538 002f 93       		.byte	0x93
 539 0030 04       		.uleb128 0x4
 540 0031 26000000 		.4byte	.LVL5
 541 0035 29000000 		.4byte	.LVL6-1
 542 0039 0200     		.2byte	0x2
 543 003b 7D       		.byte	0x7d
 544 003c 00       		.sleb128 0
 545 003d 00000000 		.4byte	0
 546 0041 00000000 		.4byte	0
 547              		.section	.debug_aranges,"",%progbits
 548 0000 1C000000 		.4byte	0x1c
 549 0004 0200     		.2byte	0x2
 550 0006 00000000 		.4byte	.Ldebug_info0
 551 000a 04       		.byte	0x4
 552 000b 00       		.byte	0
 553 000c 0000     		.2byte	0
 554 000e 0000     		.2byte	0
 555 0010 00000000 		.4byte	.LFB33
 556 0014 40000000 		.4byte	.LFE33-.LFB33
 557 0018 00000000 		.4byte	0
 558 001c 00000000 		.4byte	0
 559              		.section	.debug_ranges,"",%progbits
 560              	.Ldebug_ranges0:
 561 0000 00000000 		.4byte	.LFB33
 562 0004 40000000 		.4byte	.LFE33
 563 0008 00000000 		.4byte	0
 564 000c 00000000 		.4byte	0
 565              		.section	.debug_line,"",%progbits
 566              	.Ldebug_line0:
 567 0000 DE010000 		.section	.debug_str,"MS",%progbits,1
 567      0200C101 
 567      00000201 
 567      FB0E0D00 
 567      01010101 
 568              	.LASF6:
 569 0000 6C6F6E67 		.ascii	"long long int\000"
 569      206C6F6E 
 569      6720696E 
 569      7400
 570              	.LASF17:
 571 000e 72657375 		.ascii	"resultString\000"
 571      6C745374 
 571      72696E67 
 571      00
 572              	.LASF8:
 573 001b 756E7369 		.ascii	"unsigned int\000"
 573      676E6564 
 573      20696E74 
 573      00
 574              	.LASF25:
 575 0028 6D61696E 		.ascii	"main.c\000"
 575      2E6300
 576              	.LASF27:
ARM GAS  C:\Users\DENNIS~1\AppData\Local\Temp\cc6Tswof.s 			page 12


 577 002f 6D61696E 		.ascii	"main\000"
 577      00
 578              	.LASF21:
 579 0034 72656164 		.ascii	"readController\000"
 579      436F6E74 
 579      726F6C6C 
 579      657200
 580              	.LASF5:
 581 0043 6C6F6E67 		.ascii	"long unsigned int\000"
 581      20756E73 
 581      69676E65 
 581      6420696E 
 581      7400
 582              	.LASF7:
 583 0055 6C6F6E67 		.ascii	"long long unsigned int\000"
 583      206C6F6E 
 583      6720756E 
 583      7369676E 
 583      65642069 
 584              	.LASF22:
 585 006c 736E7072 		.ascii	"snprintf\000"
 585      696E7466 
 585      00
 586              	.LASF10:
 587 0075 75696E74 		.ascii	"uint64_t\000"
 587      36345F74 
 587      00
 588              	.LASF16:
 589 007e 72656376 		.ascii	"recvChar\000"
 589      43686172 
 589      00
 590              	.LASF19:
 591 0087 55415254 		.ascii	"UART_Start\000"
 591      5F537461 
 591      727400
 592              	.LASF1:
 593 0092 756E7369 		.ascii	"unsigned char\000"
 593      676E6564 
 593      20636861 
 593      7200
 594              	.LASF13:
 595 00a0 63686172 		.ascii	"char\000"
 595      00
 596              	.LASF4:
 597 00a5 6C6F6E67 		.ascii	"long int\000"
 597      20696E74 
 597      00
 598              	.LASF15:
 599 00ae 73697A65 		.ascii	"sizetype\000"
 599      74797065 
 599      00
 600              	.LASF2:
 601 00b7 73686F72 		.ascii	"short int\000"
 601      7420696E 
 601      7400
 602              	.LASF12:
 603 00c1 646F7562 		.ascii	"double\000"
ARM GAS  C:\Users\DENNIS~1\AppData\Local\Temp\cc6Tswof.s 			page 13


 603      6C6500
 604              	.LASF24:
 605 00c8 474E5520 		.ascii	"GNU C11 5.4.1 20160609 (release) [ARM/embedded-5-br"
 605      43313120 
 605      352E342E 
 605      31203230 
 605      31363036 
 606 00fb 616E6368 		.ascii	"anch revision 237715] -mcpu=cortex-m0 -mthumb -g -O"
 606      20726576 
 606      6973696F 
 606      6E203233 
 606      37373135 
 607 012e 67202D66 		.ascii	"g -ffunction-sections -ffat-lto-objects\000"
 607      66756E63 
 607      74696F6E 
 607      2D736563 
 607      74696F6E 
 608              	.LASF3:
 609 0156 73686F72 		.ascii	"short unsigned int\000"
 609      7420756E 
 609      7369676E 
 609      65642069 
 609      6E7400
 610              	.LASF0:
 611 0169 7369676E 		.ascii	"signed char\000"
 611      65642063 
 611      68617200 
 612              	.LASF14:
 613 0175 6C6F6E67 		.ascii	"long double\000"
 613      20646F75 
 613      626C6500 
 614              	.LASF26:
 615 0181 453A5C72 		.ascii	"E:\\repos\\NP_ZMQController\\microcontroller_code\\"
 615      65706F73 
 615      5C4E505F 
 615      5A4D5143 
 615      6F6E7472 
 616 01b0 4743436F 		.ascii	"GCController\\Controller.cydsn\000"
 616      6E74726F 
 616      6C6C6572 
 616      5C436F6E 
 616      74726F6C 
 617              	.LASF11:
 618 01ce 666C6F61 		.ascii	"float\000"
 618      7400
 619              	.LASF20:
 620 01d4 55415254 		.ascii	"UART_UartGetChar\000"
 620      5F556172 
 620      74476574 
 620      43686172 
 620      00
 621              	.LASF23:
 622 01e5 55415254 		.ascii	"UART_UartPutString\000"
 622      5F556172 
 622      74507574 
 622      53747269 
 622      6E6700
ARM GAS  C:\Users\DENNIS~1\AppData\Local\Temp\cc6Tswof.s 			page 14


 623              	.LASF9:
 624 01f8 5F5F7569 		.ascii	"__uint64_t\000"
 624      6E743634 
 624      5F7400
 625              	.LASF18:
 626 0203 636F6E74 		.ascii	"controllerData\000"
 626      726F6C6C 
 626      65724461 
 626      746100
 627              		.ident	"GCC: (GNU Tools for ARM Embedded Processors) 5.4.1 20160609 (release) [ARM/embedded-5-bran
